<?xml version="1.0" encoding="UTF-8"?>
<testng-results ignored="0" total="2" passed="2" failed="0" skipped="0">
  <reporter-output>
  </reporter-output>
  <suite started-at="2020-12-27T19:09:19 EST" name="Default suite" finished-at="2020-12-27T19:09:23 EST" duration-ms="3763">
    <groups>
    </groups>
    <test started-at="2020-12-27T19:09:19 EST" name="Default test" finished-at="2020-12-27T19:09:23 EST" duration-ms="3763">
      <class name="restAssApi.Rest_Ass_API">
        <test-method signature="getApi()[pri:0, instance:restAssApi.Rest_Ass_API@4ef37659]" started-at="2020-12-27T19:09:19 EST" name="getApi" finished-at="2020-12-27T19:09:22 EST" duration-ms="3020" status="PASS">
          <reporter-output>
          </reporter-output>
        </test-method> <!-- getApi -->
        <test-method signature="postApi()[pri:0, instance:restAssApi.Rest_Ass_API@4ef37659]" started-at="2020-12-27T19:09:22 EST" name="postApi" finished-at="2020-12-27T19:09:23 EST" duration-ms="683" status="PASS">
          <reporter-output>
          </reporter-output>
        </test-method> <!-- postApi -->
      </class> <!-- restAssApi.Rest_Ass_API -->
    </test> <!-- Default test -->
  </suite> <!-- Default suite -->
</testng-results>
